# JRE version: Java(TM) SE Runtime Environment 18.9 (11.0.15+8) (build 11.0.15+8-LTS-149)
# Java VM: Java HotSpot(TM) 64-Bit Server VM 18.9 (11.0.15+8-LTS-149, mixed mode, tiered, compressed oops, g1 gc, windows-amd64)
Heap:
 garbage-first heap   total 174080K, used 59753K [0x00000000c0000000, 0x0000000100000000)
  region size 1024K, 10 young (10240K), 0 survivors (0K)
 Metaspace       used 134215K, capacity 141450K, committed 143336K, reserved 1169408K
  class space    used 18955K, capacity 22493K, committed 23064K, reserved 1048576K
GC Heap History (10 events):
Event: 34221.240 GC heap before
{Heap before GC invocations=1052 (full 18):
 garbage-first heap   total 178176K, used 60773K [0x00000000c0000000, 0x0000000100000000)
  region size 1024K, 11 young (11264K), 0 survivors (0K)
 Metaspace       used 134172K, capacity 141450K, committed 143336K, reserved 1169408K
  class space    used 18955K, capacity 22493K, committed 23064K, reserved 1048576K
}
Event: 34221.358 GC heap after
{Heap after GC invocations=1053 (full 19):
 garbage-first heap   total 178176K, used 50540K [0x00000000c0000000, 0x0000000100000000)
  region size 1024K, 0 young (0K), 0 survivors (0K)
 Metaspace       used 134172K, capacity 141450K, committed 143336K, reserved 1169408K
  class space    used 18955K, capacity 22493K, committed 23064K, reserved 1048576K
}
Event: 36021.235 GC heap before
{Heap before GC invocations=1053 (full 19):
 garbage-first heap   total 178176K, used 59756K [0x00000000c0000000, 0x0000000100000000)
  region size 1024K, 10 young (10240K), 0 survivors (0K)
 Metaspace       used 134186K, capacity 141450K, committed 143336K, reserved 1169408K
  class space    used 18955K, capacity 22493K, committed 23064K, reserved 1048576K
}
Event: 36021.345 GC heap after
{Heap after GC invocations=1054 (full 20):
 garbage-first heap   total 178176K, used 50540K [0x00000000c0000000, 0x0000000100000000)
  region size 1024K, 0 young (0K), 0 survivors (0K)
 Metaspace       used 134186K, capacity 141450K, committed 143336K, reserved 1169408K
  class space    used 18955K, capacity 22493K, committed 23064K, reserved 1048576K
}
Event: 37821.229 GC heap before
{Heap before GC invocations=1054 (full 20):
 garbage-first heap   total 178176K, used 60780K [0x00000000c0000000, 0x0000000100000000)
  region size 1024K, 11 young (11264K), 0 survivors (0K)
 Metaspace       used 134203K, capacity 141450K, committed 143336K, reserved 1169408K
  class space    used 18955K, capacity 22493K, committed 23064K, reserved 1048576K
}
Event: 37821.324 GC heap after
{Heap after GC invocations=1055 (full 21):
 garbage-first heap   total 178176K, used 50535K [0x00000000c0000000, 0x0000000100000000)
  region size 1024K, 0 young (0K), 0 survivors (0K)
 Metaspace       used 134203K, capacity 141450K, committed 143336K, reserved 1169408K
  class space    used 18955K, capacity 22493K, committed 23064K, reserved 1048576K
}
Event: 39621.448 GC heap before
{Heap before GC invocations=1055 (full 21):
 garbage-first heap   total 178176K, used 59751K [0x00000000c0000000, 0x0000000100000000)
  region size 1024K, 10 young (10240K), 0 survivors (0K)
 Metaspace       used 134203K, capacity 141450K, committed 143336K, reserved 1169408K
  class space    used 18955K, capacity 22493K, committed 23064K, reserved 1048576K
}
Event: 39622.731 GC heap after
{Heap after GC invocations=1056 (full 22):
 garbage-first heap   total 178176K, used 50538K [0x00000000c0000000, 0x0000000100000000)
  region size 1024K, 0 young (0K), 0 survivors (0K)
 Metaspace       used 134203K, capacity 141450K, committed 143336K, reserved 1169408K
  class space    used 18955K, capacity 22493K, committed 23064K, reserved 1048576K
}
Event: 41421.250 GC heap before
{Heap before GC invocations=1056 (full 22):
 garbage-first heap   total 178176K, used 60778K [0x00000000c0000000, 0x0000000100000000)
  region size 1024K, 11 young (11264K), 0 survivors (0K)
 Metaspace       used 134204K, capacity 141450K, committed 143336K, reserved 1169408K
  class space    used 18955K, capacity 22493K, committed 23064K, reserved 1048576K
}
Event: 41421.571 GC heap after
{Heap after GC invocations=1057 (full 23):
 garbage-first heap   total 174080K, used 50537K [0x00000000c0000000, 0x0000000100000000)
  region size 1024K, 0 young (0K), 0 survivors (0K)
 Metaspace       used 134204K, capacity 141450K, committed 143336K, reserved 1169408K
  class space    used 18955K, capacity 22493K, committed 23064K, reserved 1048576K
}

