# JRE version: Java(TM) SE Runtime Environment 18.9 (11.0.15+8) (build 11.0.15+8-LTS-149)
# Java VM: Java HotSpot(TM) 64-Bit Server VM 18.9 (11.0.15+8-LTS-149, mixed mode, tiered, compressed oops, g1 gc, windows-amd64)
Heap:
 garbage-first heap   total 653312K, used 524636K [0x00000000c0000000, 0x0000000100000000)
  region size 1024K, 4 young (4096K), 4 survivors (4096K)
 Metaspace       used 128360K, capacity 134914K, committed 137704K, reserved 1165312K
  class space    used 18662K, capacity 22124K, committed 22808K, reserved 1048576K
GC Heap History (10 events):
Event: 3400.168 GC heap after
{Heap after GC invocations=226 (full 1):
 garbage-first heap   total 492544K, used 415524K [0x00000000c0000000, 0x0000000100000000)
  region size 1024K, 3 young (3072K), 3 survivors (3072K)
 Metaspace       used 128360K, capacity 134914K, committed 137704K, reserved 1165312K
  class space    used 18662K, capacity 22124K, committed 22808K, reserved 1048576K
}
Event: 3400.248 GC heap before
{Heap before GC invocations=226 (full 1):
 garbage-first heap   total 492544K, used 436004K [0x00000000c0000000, 0x0000000100000000)
  region size 1024K, 24 young (24576K), 3 survivors (3072K)
 Metaspace       used 128360K, capacity 134914K, committed 137704K, reserved 1165312K
  class space    used 18662K, capacity 22124K, committed 22808K, reserved 1048576K
}
Event: 3400.255 GC heap after
{Heap after GC invocations=227 (full 1):
 garbage-first heap   total 492544K, used 437028K [0x00000000c0000000, 0x0000000100000000)
  region size 1024K, 3 young (3072K), 3 survivors (3072K)
 Metaspace       used 128360K, capacity 134914K, committed 137704K, reserved 1165312K
  class space    used 18662K, capacity 22124K, committed 22808K, reserved 1048576K
}
Event: 3400.331 GC heap before
{Heap before GC invocations=228 (full 1):
 garbage-first heap   total 492544K, used 457508K [0x00000000c0000000, 0x0000000100000000)
  region size 1024K, 24 young (24576K), 3 survivors (3072K)
 Metaspace       used 128360K, capacity 134914K, committed 137704K, reserved 1165312K
  class space    used 18662K, capacity 22124K, committed 22808K, reserved 1048576K
}
Event: 3400.360 GC heap after
{Heap after GC invocations=229 (full 1):
 garbage-first heap   total 492544K, used 458704K [0x00000000c0000000, 0x0000000100000000)
  region size 1024K, 3 young (3072K), 3 survivors (3072K)
 Metaspace       used 128360K, capacity 134914K, committed 137704K, reserved 1165312K
  class space    used 18662K, capacity 22124K, committed 22808K, reserved 1048576K
}
Event: 3400.440 GC heap before
{Heap before GC invocations=229 (full 1):
 garbage-first heap   total 492544K, used 479184K [0x00000000c0000000, 0x0000000100000000)
  region size 1024K, 24 young (24576K), 3 survivors (3072K)
 Metaspace       used 128360K, capacity 134914K, committed 137704K, reserved 1165312K
  class space    used 18662K, capacity 22124K, committed 22808K, reserved 1048576K
}
Event: 3400.460 GC heap after
{Heap after GC invocations=230 (full 1):
 garbage-first heap   total 507904K, used 480150K [0x00000000c0000000, 0x0000000100000000)
  region size 1024K, 3 young (3072K), 3 survivors (3072K)
 Metaspace       used 128360K, capacity 134914K, committed 137704K, reserved 1165312K
  class space    used 18662K, capacity 22124K, committed 22808K, reserved 1048576K
}
Event: 3400.547 GC heap before
{Heap before GC invocations=230 (full 1):
 garbage-first heap   total 507904K, used 500630K [0x00000000c0000000, 0x0000000100000000)
  region size 1024K, 24 young (24576K), 3 survivors (3072K)
 Metaspace       used 128360K, capacity 134914K, committed 137704K, reserved 1165312K
  class space    used 18662K, capacity 22124K, committed 22808K, reserved 1048576K
}
Event: 3400.576 GC heap after
{Heap after GC invocations=231 (full 1):
 garbage-first heap   total 529408K, used 501654K [0x00000000c0000000, 0x0000000100000000)
  region size 1024K, 3 young (3072K), 3 survivors (3072K)
 Metaspace       used 128360K, capacity 134914K, committed 137704K, reserved 1165312K
  class space    used 18662K, capacity 22124K, committed 22808K, reserved 1048576K
}
Event: 3400.653 GC heap before
{Heap before GC invocations=232 (full 1):
 garbage-first heap   total 529408K, used 523158K [0x00000000c0000000, 0x0000000100000000)
  region size 1024K, 25 young (25600K), 3 survivors (3072K)
 Metaspace       used 128360K, capacity 134914K, committed 137704K, reserved 1165312K
  class space    used 18662K, capacity 22124K, committed 22808K, reserved 1048576K
}

